2017-12-14 11:15:39,769 SVN_MI.py[line:127] INFO ####################开始########################20171214111539
2017-12-14 11:15:39,769 SVN_MI.py[line:133] INFO 始版本号：2254
2017-12-14 11:15:39,770 SVN_MI.py[line:134] INFO 终止版本号：2260
2017-12-14 11:15:40,520 SVN_MI.py[line:34] INFO 从SVN下载：mi/src/main/java/cn/com/sinosoft/selfserver/bo/CustClientImpl.java
2017-12-14 11:15:41,226 SVN_MI.py[line:34] INFO 从SVN下载：mi/src/main/java/cn/com/sinosoft/selfserver/dao/WxReturnVisitRecordDao.xml
2017-12-14 11:15:41,318 SVN_MI.py[line:34] INFO 从SVN下载：mi/src/main/java/cn/com/sinosoft/selfserver/action/wx/returnvisit/WeixinReturnVisitRecordAction.java
2017-12-14 11:15:41,822 SVN_MI.py[line:34] INFO 从SVN下载：mi/src/main/java/cn/com/sinosoft/selfserver/action/wx/returnvisit/WeixinReturnVisitAction.java
2017-12-14 11:15:42,316 SVN_MI.py[line:34] INFO 从SVN下载：mi/webapp/page_wx/customer/returnvisit/weixinrvrecordoperate.jsp
2017-12-14 11:15:42,818 SVN_MI.py[line:34] INFO 从SVN下载：mi/webapp/page_wx/customer/returnvisit/custreturnvisitcheck_weixin.js
2017-12-14 11:15:43,104 SVN_MI.py[line:34] INFO 从SVN下载：mi/webapp/page_wx/customer/returnvisit/custreturnvisitcheck_weixin.jsp
2017-12-14 11:15:43,197 SVN_MI.py[line:138] INFO ####################结束#########################20171214111539
2017-12-14 11:16:02,394 SVN_MI.py[line:127] INFO ####################开始########################20171214111602
2017-12-14 11:16:02,394 SVN_MI.py[line:133] INFO 始版本号：2254
2017-12-14 11:16:02,395 SVN_MI.py[line:134] INFO 终止版本号：2260
2017-12-14 11:16:03,147 SVN_MI.py[line:34] INFO 从SVN下载：mi/src/main/java/cn/com/sinosoft/selfserver/bo/CustClientImpl.java
2017-12-14 11:16:03,243 SVN_MI.py[line:34] INFO 从SVN下载：mi/src/main/java/cn/com/sinosoft/selfserver/dao/WxReturnVisitRecordDao.xml
2017-12-14 11:16:03,324 SVN_MI.py[line:34] INFO 从SVN下载：mi/src/main/java/cn/com/sinosoft/selfserver/action/wx/returnvisit/WeixinReturnVisitRecordAction.java
2017-12-14 11:16:03,819 SVN_MI.py[line:34] INFO 从SVN下载：mi/src/main/java/cn/com/sinosoft/selfserver/action/wx/returnvisit/WeixinReturnVisitAction.java
2017-12-14 11:16:04,508 SVN_MI.py[line:34] INFO 从SVN下载：mi/webapp/page_wx/customer/returnvisit/weixinrvrecordoperate.jsp
2017-12-14 11:16:05,018 SVN_MI.py[line:34] INFO 从SVN下载：mi/webapp/page_wx/customer/returnvisit/custreturnvisitcheck_weixin.js
2017-12-14 11:16:05,306 SVN_MI.py[line:34] INFO 从SVN下载：mi/webapp/page_wx/customer/returnvisit/custreturnvisitcheck_weixin.jsp
2017-12-14 11:16:05,403 SVN_MI.py[line:138] INFO ####################结束#########################20171214111602
2017-12-14 19:51:53,228 SVN_MI.py[line:142] INFO ####################开始########################20171214195153
2017-12-14 19:52:10,116 SVN_MI.py[line:147] INFO 始版本号：2291
2017-12-14 19:52:10,116 SVN_MI.py[line:148] INFO 终止版本号：2292
2017-12-14 19:52:10,450 SVN_MI.py[line:34] INFO 从SVN下载：mi/src/main/java/cn/com/sinatay/portal/mapper/YdlDataMapper.xml
2017-12-14 19:52:23,465 SVN_MI.py[line:48] INFO 将编译后的文件，按差异提取到：D:/release/mi/mi_release_file/
2017-12-14 19:52:23,494 SVN_MI.py[line:163] INFO 开始上传发布包到服务器：10.28.31.105
2017-12-14 19:52:24,976 SVN_MI.py[line:166] INFO 将服务器上的发布包发布到项目，并备份
2017-12-14 19:52:25,185 SVN_MI.py[line:169] INFO 上传服务器：10.28.31.105结束
2017-12-14 19:52:25,185 SVN_MI.py[line:163] INFO 开始上传发布包到服务器：10.28.31.106
2017-12-14 19:52:26,600 SVN_MI.py[line:166] INFO 将服务器上的发布包发布到项目，并备份
2017-12-14 19:52:26,809 SVN_MI.py[line:169] INFO 上传服务器：10.28.31.106结束
2017-12-14 19:52:26,809 SVN_MI.py[line:171] INFO ####################结束#########################20171214195153
2018-03-04 20:25:50,491 SVN_MI.py[line:142] INFO ####################开始########################20180304202550
2018-03-04 20:26:02,901 SVN_MI.py[line:147] INFO 始版本号：2292
2018-03-04 20:26:02,901 SVN_MI.py[line:148] INFO 终止版本号：2293
2018-03-04 20:26:03,247 SVN_MI.py[line:34] INFO 从SVN下载：mi/src/main/java/cn/com/sinatay/portal/mapper/YdlDataMapper.xml
2018-03-04 20:26:17,222 SVN_MI.py[line:48] INFO 将编译后的文件，按差异提取到：D:/release/mi/mi_release_file/
2018-03-04 20:26:17,250 SVN_MI.py[line:163] INFO 开始上传发布包到服务器：10.28.31.105
2018-03-04 20:26:19,042 SVN_MI.py[line:166] INFO 将服务器上的发布包发布到项目，并备份
2018-03-04 20:26:19,241 SVN_MI.py[line:169] INFO 上传服务器：10.28.31.105结束
2018-03-04 20:26:19,242 SVN_MI.py[line:163] INFO 开始上传发布包到服务器：10.28.31.106
2018-03-04 20:26:20,643 SVN_MI.py[line:166] INFO 将服务器上的发布包发布到项目，并备份
2018-03-04 20:26:20,852 SVN_MI.py[line:169] INFO 上传服务器：10.28.31.106结束
2018-03-04 20:26:20,853 SVN_MI.py[line:171] INFO ####################结束#########################20180304202550
