2018-03-19 16:08:55,362 Git_Identity.py[line:100] INFO ####################开始########################20180319160855
2018-03-19 16:09:37,510 Git_Identity.py[line:104] INFO ####################开始########################20180319160937
2018-03-19 16:09:37,510 Git_Identity.py[line:107] INFO 始版本号：0e9940b86a4538b0612e24a2808e76d059cd808a
2018-03-19 16:09:37,510 Git_Identity.py[line:108] INFO 终止版本号：697eb282a92d6899b3b3592d8f90772c14829873
2018-03-19 16:10:02,696 Git_Identity.py[line:104] INFO ####################开始########################20180319161002
2018-03-19 16:10:02,696 Git_Identity.py[line:107] INFO 始版本号：0e9940b86a4538b0612e24a2808e76d059cd808a
2018-03-19 16:10:02,696 Git_Identity.py[line:108] INFO 终止版本号：697eb282a92d6899b3b3592d8f90772c14829873
2018-03-19 16:10:02,854 Git_Identity.py[line:27] INFO 文件dubbo/com.sinatay.dubbo.frame.identity/.classpath下载到工程
2018-03-19 16:10:02,924 Git_Identity.py[line:27] INFO 文件dubbo/com.sinatay.dubbo.frame.identity/.project下载到工程
2018-03-19 16:10:02,994 Git_Identity.py[line:27] INFO 文件dubbo/com.sinatay.dubbo.frame.identity/.settings/org.eclipse.jdt.core.prefs下载到工程
2018-03-19 16:10:03,066 Git_Identity.py[line:27] INFO 文件dubbo/com.sinatay.dubbo.frame.identity/.tomcatplugin下载到工程
2018-03-19 16:10:03,138 Git_Identity.py[line:27] INFO 文件dubbo/com.sinatay.dubbo.frame.identity/JavaSource/java/com/sinatay/core/system/security/BlockCipher.java下载到工程
2018-03-19 16:10:03,640 Git_Identity.py[line:27] INFO 文件dubbo/com.sinatay.dubbo.frame.identity/JavaSource/java/com/sinatay/core/system/security/CryptoError.java下载到工程
2018-03-19 16:10:03,719 Git_Identity.py[line:27] INFO 文件dubbo/com.sinatay.dubbo.frame.identity/JavaSource/java/com/sinatay/core/system/security/IDEA.java下载到工程
2018-03-19 16:10:03,798 Git_Identity.py[line:27] INFO 文件dubbo/com.sinatay.dubbo.frame.identity/JavaSource/java/com/sinatay/core/system/security/LisIDEA.java下载到工程
2018-03-19 16:10:03,878 Git_Identity.py[line:27] INFO 文件dubbo/com.sinatay.dubbo.frame.identity/JavaSource/java/com/sinatay/core/system/service/EbizService.java下载到工程
2018-03-19 16:10:03,953 Git_Identity.py[line:27] INFO 文件dubbo/com.sinatay.dubbo.frame.identity/JavaSource/java/com/sinatay/core/system/service/IPlanService.java下载到工程
2018-03-19 16:10:04,026 Git_Identity.py[line:27] INFO 文件dubbo/com.sinatay.dubbo.frame.identity/JavaSource/java/com/sinatay/core/system/service/UMUserService.java下载到工程
2018-03-19 16:10:04,097 Git_Identity.py[line:27] INFO 文件dubbo/com.sinatay.dubbo.frame.identity/JavaSource/java/com/sinatay/core/system/service/impl/UMUserServiceImpl.java下载到工程
2018-03-19 16:10:04,170 Git_Identity.py[line:27] INFO 文件dubbo/com.sinatay.dubbo.frame.identity/JavaSource/java/com/sinatay/core/system/utils/ConfigUtil.java下载到工程
2018-03-19 16:10:04,241 Git_Identity.py[line:27] INFO 文件dubbo/com.sinatay.dubbo.frame.identity/JavaSource/java/com/sinatay/core/system/web/servlet/SSOConstants.java下载到工程
2018-03-19 16:10:04,317 Git_Identity.py[line:27] INFO 文件dubbo/com.sinatay.dubbo.frame.identity/JavaSource/java/com/sinatay/identity/service/UserService.java下载到工程
2018-03-19 16:10:04,391 Git_Identity.py[line:27] INFO 文件dubbo/com.sinatay.dubbo.frame.identity/JavaSource/java/com/sinatay/identity/service/impl/IdentityServiceImpl.java下载到工程
2018-03-19 16:10:04,469 Git_Identity.py[line:27] INFO 文件dubbo/com.sinatay.dubbo.frame.identity/JavaSource/java/com/sinatay/identity/service/impl/LdapUserServiceImpl.java下载到工程
2018-03-19 16:10:04,548 Git_Identity.py[line:27] INFO 文件dubbo/com.sinatay.dubbo.frame.identity/JavaSource/java/com/sinatay/tools/jwt/CheckResult.java下载到工程
2018-03-19 16:10:04,624 Git_Identity.py[line:27] INFO 文件dubbo/com.sinatay.dubbo.frame.identity/JavaSource/java/com/sinatay/tools/jwt/TokenMgr.java下载到工程
2018-03-19 16:10:04,701 Git_Identity.py[line:27] INFO 文件dubbo/com.sinatay.dubbo.frame.identity/JavaSource/resources/application.properties下载到工程
2018-03-19 16:10:04,781 Git_Identity.py[line:27] INFO 文件dubbo/com.sinatay.dubbo.frame.identity/JavaSource/test/com/sinatay/core/system/security/LisIDEATest.java下载到工程
2018-03-19 16:10:04,860 Git_Identity.py[line:27] INFO 文件dubbo/com.sinatay.dubbo.frame.identity/JavaSource/test/com/sinatay/core/system/service/EbizServiceTest.java下载到工程
2018-03-19 16:10:04,939 Git_Identity.py[line:27] INFO 文件dubbo/com.sinatay.dubbo.frame.identity/JavaSource/test/com/sinatay/core/system/service/UMUserServiceTest.java下载到工程
2018-03-19 16:10:05,021 Git_Identity.py[line:27] INFO 文件dubbo/com.sinatay.dubbo.frame.identity/JavaSource/test/com/sinatay/tools/jwt/TokenMgrTest.java下载到工程
2018-03-19 16:10:05,091 Git_Identity.py[line:27] INFO 文件dubbo/com.sinatay.dubbo.frame.identity/WebContent/WEB-INF/lib/jackson-annotations-2.8.0.jar下载到工程
2018-03-19 16:10:05,180 Git_Identity.py[line:27] INFO 文件dubbo/com.sinatay.dubbo.frame.identity/WebContent/WEB-INF/lib/jackson-core-2.8.9.jar下载到工程
2018-03-19 16:10:05,296 Git_Identity.py[line:27] INFO 文件dubbo/com.sinatay.dubbo.frame.identity/WebContent/WEB-INF/lib/jackson-databind-2.8.9.jar下载到工程
2018-03-19 16:10:05,398 Git_Identity.py[line:27] INFO 文件dubbo/com.sinatay.dubbo.frame.identity/WebContent/WEB-INF/lib/jjwt-0.9.0.jar下载到工程
2018-03-19 16:10:05,490 Git_Identity.py[line:27] INFO 文件dubbo/com.sinatay.dubbo.frame.identity/build.xml下载到工程
2018-03-19 16:10:05,575 Git_Identity.py[line:111] INFO 编译工程
2018-03-19 16:10:05,579 Git_Identity.py[line:53] INFO 将源文件D:/source_project/git_esb/dubbo/com.sinatay.dubbo.frame.identity/build/WebRoot/WEB-INF/classes/com/sinatay/core/system/security/BlockCipher.class提取到：D:/release/identity/identity_release_file/20180319161002/WEB-INF/classes/com/sinatay/core/system/security/BlockCipher.class
2018-03-19 16:10:05,582 Git_Identity.py[line:53] INFO 将源文件D:/source_project/git_esb/dubbo/com.sinatay.dubbo.frame.identity/build/WebRoot/WEB-INF/classes/com/sinatay/core/system/security/CryptoError.class提取到：D:/release/identity/identity_release_file/20180319161002/WEB-INF/classes/com/sinatay/core/system/security/CryptoError.class
2018-03-19 16:10:05,584 Git_Identity.py[line:53] INFO 将源文件D:/source_project/git_esb/dubbo/com.sinatay.dubbo.frame.identity/build/WebRoot/WEB-INF/classes/com/sinatay/core/system/security/IDEA.class提取到：D:/release/identity/identity_release_file/20180319161002/WEB-INF/classes/com/sinatay/core/system/security/IDEA.class
2018-03-19 16:10:05,588 Git_Identity.py[line:53] INFO 将源文件D:/source_project/git_esb/dubbo/com.sinatay.dubbo.frame.identity/build/WebRoot/WEB-INF/classes/com/sinatay/core/system/security/LisIDEA.class提取到：D:/release/identity/identity_release_file/20180319161002/WEB-INF/classes/com/sinatay/core/system/security/LisIDEA.class
2018-03-19 16:10:05,591 Git_Identity.py[line:53] INFO 将源文件D:/source_project/git_esb/dubbo/com.sinatay.dubbo.frame.identity/build/WebRoot/WEB-INF/classes/com/sinatay/core/system/service/EbizService.class提取到：D:/release/identity/identity_release_file/20180319161002/WEB-INF/classes/com/sinatay/core/system/service/EbizService.class
2018-03-19 16:10:05,594 Git_Identity.py[line:53] INFO 将源文件D:/source_project/git_esb/dubbo/com.sinatay.dubbo.frame.identity/build/WebRoot/WEB-INF/classes/com/sinatay/core/system/service/IPlanService.class提取到：D:/release/identity/identity_release_file/20180319161002/WEB-INF/classes/com/sinatay/core/system/service/IPlanService.class
2018-03-19 16:10:05,597 Git_Identity.py[line:53] INFO 将源文件D:/source_project/git_esb/dubbo/com.sinatay.dubbo.frame.identity/build/WebRoot/WEB-INF/classes/com/sinatay/core/system/service/UMUserService.class提取到：D:/release/identity/identity_release_file/20180319161002/WEB-INF/classes/com/sinatay/core/system/service/UMUserService.class
2018-03-19 16:10:05,600 Git_Identity.py[line:53] INFO 将源文件D:/source_project/git_esb/dubbo/com.sinatay.dubbo.frame.identity/build/WebRoot/WEB-INF/classes/com/sinatay/core/system/service/impl/UMUserServiceImpl.class提取到：D:/release/identity/identity_release_file/20180319161002/WEB-INF/classes/com/sinatay/core/system/service/impl/UMUserServiceImpl.class
2018-03-19 16:10:05,603 Git_Identity.py[line:53] INFO 将源文件D:/source_project/git_esb/dubbo/com.sinatay.dubbo.frame.identity/build/WebRoot/WEB-INF/classes/com/sinatay/core/system/utils/ConfigUtil.class提取到：D:/release/identity/identity_release_file/20180319161002/WEB-INF/classes/com/sinatay/core/system/utils/ConfigUtil.class
2018-03-19 16:10:05,607 Git_Identity.py[line:53] INFO 将源文件D:/source_project/git_esb/dubbo/com.sinatay.dubbo.frame.identity/build/WebRoot/WEB-INF/classes/com/sinatay/core/system/web/servlet/SSOConstants.class提取到：D:/release/identity/identity_release_file/20180319161002/WEB-INF/classes/com/sinatay/core/system/web/servlet/SSOConstants.class
2018-03-19 16:10:05,610 Git_Identity.py[line:53] INFO 将源文件D:/source_project/git_esb/dubbo/com.sinatay.dubbo.frame.identity/build/WebRoot/WEB-INF/classes/com/sinatay/identity/service/UserService.class提取到：D:/release/identity/identity_release_file/20180319161002/WEB-INF/classes/com/sinatay/identity/service/UserService.class
2018-03-19 16:10:05,613 Git_Identity.py[line:53] INFO 将源文件D:/source_project/git_esb/dubbo/com.sinatay.dubbo.frame.identity/build/WebRoot/WEB-INF/classes/com/sinatay/identity/service/impl/IdentityServiceImpl.class提取到：D:/release/identity/identity_release_file/20180319161002/WEB-INF/classes/com/sinatay/identity/service/impl/IdentityServiceImpl.class
2018-03-19 16:10:05,616 Git_Identity.py[line:53] INFO 将源文件D:/source_project/git_esb/dubbo/com.sinatay.dubbo.frame.identity/build/WebRoot/WEB-INF/classes/com/sinatay/identity/service/impl/LdapUserServiceImpl.class提取到：D:/release/identity/identity_release_file/20180319161002/WEB-INF/classes/com/sinatay/identity/service/impl/LdapUserServiceImpl.class
2018-03-19 16:10:05,620 Git_Identity.py[line:53] INFO 将源文件D:/source_project/git_esb/dubbo/com.sinatay.dubbo.frame.identity/build/WebRoot/WEB-INF/classes/com/sinatay/tools/jwt/CheckResult.class提取到：D:/release/identity/identity_release_file/20180319161002/WEB-INF/classes/com/sinatay/tools/jwt/CheckResult.class
2018-03-19 16:10:05,622 Git_Identity.py[line:53] INFO 将源文件D:/source_project/git_esb/dubbo/com.sinatay.dubbo.frame.identity/build/WebRoot/WEB-INF/classes/com/sinatay/tools/jwt/TokenMgr.class提取到：D:/release/identity/identity_release_file/20180319161002/WEB-INF/classes/com/sinatay/tools/jwt/TokenMgr.class
2018-03-19 16:10:05,625 Git_Identity.py[line:66] INFO 将源文件D:/source_project/git_esb/dubbo/com.sinatay.dubbo.frame.identity/build/WebRoot/WEB-INF/classes/application.properties提取到：D:/release/identity/identity_release_file/20180319161002/WEB-INF/classes/application.properties
2018-03-19 16:10:05,629 Git_Identity.py[line:78] INFO 将源文件D:/source_project/git_esb/dubbo/com.sinatay.dubbo.frame.identity/WebContent/WEB-INF/lib/jackson-annotations-2.8.0.jar提取到：D:/release/identity/identity_release_file/20180319161002/WEB-INF/lib/jackson-annotations-2.8.0.jar
2018-03-19 16:10:05,643 Git_Identity.py[line:78] INFO 将源文件D:/source_project/git_esb/dubbo/com.sinatay.dubbo.frame.identity/WebContent/WEB-INF/lib/jackson-core-2.8.9.jar提取到：D:/release/identity/identity_release_file/20180319161002/WEB-INF/lib/jackson-core-2.8.9.jar
2018-03-19 16:10:05,656 Git_Identity.py[line:78] INFO 将源文件D:/source_project/git_esb/dubbo/com.sinatay.dubbo.frame.identity/WebContent/WEB-INF/lib/jackson-databind-2.8.9.jar提取到：D:/release/identity/identity_release_file/20180319161002/WEB-INF/lib/jackson-databind-2.8.9.jar
2018-03-19 16:10:05,672 Git_Identity.py[line:78] INFO 将源文件D:/source_project/git_esb/dubbo/com.sinatay.dubbo.frame.identity/WebContent/WEB-INF/lib/jjwt-0.9.0.jar提取到：D:/release/identity/identity_release_file/20180319161002/WEB-INF/lib/jjwt-0.9.0.jar
2018-03-19 16:10:52,244 Git_Identity.py[line:100] INFO ####################开始########################20180319161052
2018-03-19 16:10:52,244 Git_Identity.py[line:103] INFO 始版本号：0e9940b86a4538b0612e24a2808e76d059cd808a
2018-03-19 16:10:52,244 Git_Identity.py[line:104] INFO 终止版本号：697eb282a92d6899b3b3592d8f90772c14829873
2018-03-19 16:10:52,438 Git_Identity.py[line:27] INFO 文件dubbo/com.sinatay.dubbo.frame.identity/.classpath下载到工程
2018-03-19 16:10:52,509 Git_Identity.py[line:27] INFO 文件dubbo/com.sinatay.dubbo.frame.identity/.project下载到工程
2018-03-19 16:10:52,574 Git_Identity.py[line:27] INFO 文件dubbo/com.sinatay.dubbo.frame.identity/.settings/org.eclipse.jdt.core.prefs下载到工程
2018-03-19 16:10:52,642 Git_Identity.py[line:27] INFO 文件dubbo/com.sinatay.dubbo.frame.identity/.tomcatplugin下载到工程
2018-03-19 16:10:52,708 Git_Identity.py[line:27] INFO 文件dubbo/com.sinatay.dubbo.frame.identity/JavaSource/java/com/sinatay/core/system/security/BlockCipher.java下载到工程
2018-03-19 16:10:52,850 Git_Identity.py[line:27] INFO 文件dubbo/com.sinatay.dubbo.frame.identity/JavaSource/java/com/sinatay/core/system/security/CryptoError.java下载到工程
2018-03-19 16:10:52,924 Git_Identity.py[line:27] INFO 文件dubbo/com.sinatay.dubbo.frame.identity/JavaSource/java/com/sinatay/core/system/security/IDEA.java下载到工程
2018-03-19 16:10:52,999 Git_Identity.py[line:27] INFO 文件dubbo/com.sinatay.dubbo.frame.identity/JavaSource/java/com/sinatay/core/system/security/LisIDEA.java下载到工程
2018-03-19 16:10:53,070 Git_Identity.py[line:27] INFO 文件dubbo/com.sinatay.dubbo.frame.identity/JavaSource/java/com/sinatay/core/system/service/EbizService.java下载到工程
2018-03-19 16:10:53,140 Git_Identity.py[line:27] INFO 文件dubbo/com.sinatay.dubbo.frame.identity/JavaSource/java/com/sinatay/core/system/service/IPlanService.java下载到工程
2018-03-19 16:10:53,230 Git_Identity.py[line:27] INFO 文件dubbo/com.sinatay.dubbo.frame.identity/JavaSource/java/com/sinatay/core/system/service/UMUserService.java下载到工程
2018-03-19 16:10:53,302 Git_Identity.py[line:27] INFO 文件dubbo/com.sinatay.dubbo.frame.identity/JavaSource/java/com/sinatay/core/system/service/impl/UMUserServiceImpl.java下载到工程
2018-03-19 16:10:53,381 Git_Identity.py[line:27] INFO 文件dubbo/com.sinatay.dubbo.frame.identity/JavaSource/java/com/sinatay/core/system/utils/ConfigUtil.java下载到工程
2018-03-19 16:10:53,450 Git_Identity.py[line:27] INFO 文件dubbo/com.sinatay.dubbo.frame.identity/JavaSource/java/com/sinatay/core/system/web/servlet/SSOConstants.java下载到工程
2018-03-19 16:10:53,522 Git_Identity.py[line:27] INFO 文件dubbo/com.sinatay.dubbo.frame.identity/JavaSource/java/com/sinatay/identity/service/UserService.java下载到工程
2018-03-19 16:10:53,595 Git_Identity.py[line:27] INFO 文件dubbo/com.sinatay.dubbo.frame.identity/JavaSource/java/com/sinatay/identity/service/impl/IdentityServiceImpl.java下载到工程
2018-03-19 16:10:53,669 Git_Identity.py[line:27] INFO 文件dubbo/com.sinatay.dubbo.frame.identity/JavaSource/java/com/sinatay/identity/service/impl/LdapUserServiceImpl.java下载到工程
2018-03-19 16:10:53,744 Git_Identity.py[line:27] INFO 文件dubbo/com.sinatay.dubbo.frame.identity/JavaSource/java/com/sinatay/tools/jwt/CheckResult.java下载到工程
2018-03-19 16:10:53,825 Git_Identity.py[line:27] INFO 文件dubbo/com.sinatay.dubbo.frame.identity/JavaSource/java/com/sinatay/tools/jwt/TokenMgr.java下载到工程
2018-03-19 16:10:53,900 Git_Identity.py[line:27] INFO 文件dubbo/com.sinatay.dubbo.frame.identity/JavaSource/resources/application.properties下载到工程
2018-03-19 16:10:53,975 Git_Identity.py[line:27] INFO 文件dubbo/com.sinatay.dubbo.frame.identity/JavaSource/test/com/sinatay/core/system/security/LisIDEATest.java下载到工程
2018-03-19 16:10:54,054 Git_Identity.py[line:27] INFO 文件dubbo/com.sinatay.dubbo.frame.identity/JavaSource/test/com/sinatay/core/system/service/EbizServiceTest.java下载到工程
2018-03-19 16:10:54,122 Git_Identity.py[line:27] INFO 文件dubbo/com.sinatay.dubbo.frame.identity/JavaSource/test/com/sinatay/core/system/service/UMUserServiceTest.java下载到工程
2018-03-19 16:10:54,190 Git_Identity.py[line:27] INFO 文件dubbo/com.sinatay.dubbo.frame.identity/JavaSource/test/com/sinatay/tools/jwt/TokenMgrTest.java下载到工程
2018-03-19 16:10:54,258 Git_Identity.py[line:27] INFO 文件dubbo/com.sinatay.dubbo.frame.identity/WebContent/WEB-INF/lib/jackson-annotations-2.8.0.jar下载到工程
2018-03-19 16:10:54,345 Git_Identity.py[line:27] INFO 文件dubbo/com.sinatay.dubbo.frame.identity/WebContent/WEB-INF/lib/jackson-core-2.8.9.jar下载到工程
2018-03-19 16:10:54,429 Git_Identity.py[line:27] INFO 文件dubbo/com.sinatay.dubbo.frame.identity/WebContent/WEB-INF/lib/jackson-databind-2.8.9.jar下载到工程
2018-03-19 16:10:54,531 Git_Identity.py[line:27] INFO 文件dubbo/com.sinatay.dubbo.frame.identity/WebContent/WEB-INF/lib/jjwt-0.9.0.jar下载到工程
2018-03-19 16:10:54,618 Git_Identity.py[line:27] INFO 文件dubbo/com.sinatay.dubbo.frame.identity/build.xml下载到工程
2018-03-19 16:10:54,699 Git_Identity.py[line:107] INFO 编译工程
2018-03-19 16:10:54,703 Git_Identity.py[line:53] INFO 将源文件D:/source_project/git_esb/dubbo/com.sinatay.dubbo.frame.identity/build/WebRoot/WEB-INF/classes/com/sinatay/core/system/security/BlockCipher.class提取到：D:/release/identity/identity_release_file/20180319161052/WEB-INF/classes/com/sinatay/core/system/security/BlockCipher.class
2018-03-19 16:10:54,706 Git_Identity.py[line:53] INFO 将源文件D:/source_project/git_esb/dubbo/com.sinatay.dubbo.frame.identity/build/WebRoot/WEB-INF/classes/com/sinatay/core/system/security/CryptoError.class提取到：D:/release/identity/identity_release_file/20180319161052/WEB-INF/classes/com/sinatay/core/system/security/CryptoError.class
2018-03-19 16:10:54,708 Git_Identity.py[line:53] INFO 将源文件D:/source_project/git_esb/dubbo/com.sinatay.dubbo.frame.identity/build/WebRoot/WEB-INF/classes/com/sinatay/core/system/security/IDEA.class提取到：D:/release/identity/identity_release_file/20180319161052/WEB-INF/classes/com/sinatay/core/system/security/IDEA.class
2018-03-19 16:10:54,711 Git_Identity.py[line:53] INFO 将源文件D:/source_project/git_esb/dubbo/com.sinatay.dubbo.frame.identity/build/WebRoot/WEB-INF/classes/com/sinatay/core/system/security/LisIDEA.class提取到：D:/release/identity/identity_release_file/20180319161052/WEB-INF/classes/com/sinatay/core/system/security/LisIDEA.class
2018-03-19 16:10:54,714 Git_Identity.py[line:53] INFO 将源文件D:/source_project/git_esb/dubbo/com.sinatay.dubbo.frame.identity/build/WebRoot/WEB-INF/classes/com/sinatay/core/system/service/EbizService.class提取到：D:/release/identity/identity_release_file/20180319161052/WEB-INF/classes/com/sinatay/core/system/service/EbizService.class
2018-03-19 16:10:54,717 Git_Identity.py[line:53] INFO 将源文件D:/source_project/git_esb/dubbo/com.sinatay.dubbo.frame.identity/build/WebRoot/WEB-INF/classes/com/sinatay/core/system/service/IPlanService.class提取到：D:/release/identity/identity_release_file/20180319161052/WEB-INF/classes/com/sinatay/core/system/service/IPlanService.class
2018-03-19 16:10:54,720 Git_Identity.py[line:53] INFO 将源文件D:/source_project/git_esb/dubbo/com.sinatay.dubbo.frame.identity/build/WebRoot/WEB-INF/classes/com/sinatay/core/system/service/UMUserService.class提取到：D:/release/identity/identity_release_file/20180319161052/WEB-INF/classes/com/sinatay/core/system/service/UMUserService.class
2018-03-19 16:10:54,722 Git_Identity.py[line:53] INFO 将源文件D:/source_project/git_esb/dubbo/com.sinatay.dubbo.frame.identity/build/WebRoot/WEB-INF/classes/com/sinatay/core/system/service/impl/UMUserServiceImpl.class提取到：D:/release/identity/identity_release_file/20180319161052/WEB-INF/classes/com/sinatay/core/system/service/impl/UMUserServiceImpl.class
2018-03-19 16:10:54,725 Git_Identity.py[line:53] INFO 将源文件D:/source_project/git_esb/dubbo/com.sinatay.dubbo.frame.identity/build/WebRoot/WEB-INF/classes/com/sinatay/core/system/utils/ConfigUtil.class提取到：D:/release/identity/identity_release_file/20180319161052/WEB-INF/classes/com/sinatay/core/system/utils/ConfigUtil.class
2018-03-19 16:10:54,729 Git_Identity.py[line:53] INFO 将源文件D:/source_project/git_esb/dubbo/com.sinatay.dubbo.frame.identity/build/WebRoot/WEB-INF/classes/com/sinatay/core/system/web/servlet/SSOConstants.class提取到：D:/release/identity/identity_release_file/20180319161052/WEB-INF/classes/com/sinatay/core/system/web/servlet/SSOConstants.class
2018-03-19 16:10:54,732 Git_Identity.py[line:53] INFO 将源文件D:/source_project/git_esb/dubbo/com.sinatay.dubbo.frame.identity/build/WebRoot/WEB-INF/classes/com/sinatay/identity/service/UserService.class提取到：D:/release/identity/identity_release_file/20180319161052/WEB-INF/classes/com/sinatay/identity/service/UserService.class
2018-03-19 16:10:54,734 Git_Identity.py[line:53] INFO 将源文件D:/source_project/git_esb/dubbo/com.sinatay.dubbo.frame.identity/build/WebRoot/WEB-INF/classes/com/sinatay/identity/service/impl/IdentityServiceImpl.class提取到：D:/release/identity/identity_release_file/20180319161052/WEB-INF/classes/com/sinatay/identity/service/impl/IdentityServiceImpl.class
2018-03-19 16:10:54,738 Git_Identity.py[line:53] INFO 将源文件D:/source_project/git_esb/dubbo/com.sinatay.dubbo.frame.identity/build/WebRoot/WEB-INF/classes/com/sinatay/identity/service/impl/LdapUserServiceImpl.class提取到：D:/release/identity/identity_release_file/20180319161052/WEB-INF/classes/com/sinatay/identity/service/impl/LdapUserServiceImpl.class
2018-03-19 16:10:54,746 Git_Identity.py[line:53] INFO 将源文件D:/source_project/git_esb/dubbo/com.sinatay.dubbo.frame.identity/build/WebRoot/WEB-INF/classes/com/sinatay/tools/jwt/CheckResult.class提取到：D:/release/identity/identity_release_file/20180319161052/WEB-INF/classes/com/sinatay/tools/jwt/CheckResult.class
2018-03-19 16:10:54,749 Git_Identity.py[line:53] INFO 将源文件D:/source_project/git_esb/dubbo/com.sinatay.dubbo.frame.identity/build/WebRoot/WEB-INF/classes/com/sinatay/tools/jwt/TokenMgr.class提取到：D:/release/identity/identity_release_file/20180319161052/WEB-INF/classes/com/sinatay/tools/jwt/TokenMgr.class
2018-03-19 16:10:54,752 Git_Identity.py[line:66] INFO 将源文件D:/source_project/git_esb/dubbo/com.sinatay.dubbo.frame.identity/build/WebRoot/WEB-INF/classes/application.properties提取到：D:/release/identity/identity_release_file/20180319161052/WEB-INF/classes/application.properties
2018-03-19 16:10:54,757 Git_Identity.py[line:78] INFO 将源文件D:/source_project/git_esb/dubbo/com.sinatay.dubbo.frame.identity/WebContent/WEB-INF/lib/jackson-annotations-2.8.0.jar提取到：D:/release/identity/identity_release_file/20180319161052/WEB-INF/lib/jackson-annotations-2.8.0.jar
2018-03-19 16:10:54,770 Git_Identity.py[line:78] INFO 将源文件D:/source_project/git_esb/dubbo/com.sinatay.dubbo.frame.identity/WebContent/WEB-INF/lib/jackson-core-2.8.9.jar提取到：D:/release/identity/identity_release_file/20180319161052/WEB-INF/lib/jackson-core-2.8.9.jar
2018-03-19 16:10:54,784 Git_Identity.py[line:78] INFO 将源文件D:/source_project/git_esb/dubbo/com.sinatay.dubbo.frame.identity/WebContent/WEB-INF/lib/jackson-databind-2.8.9.jar提取到：D:/release/identity/identity_release_file/20180319161052/WEB-INF/lib/jackson-databind-2.8.9.jar
2018-03-19 16:10:54,802 Git_Identity.py[line:78] INFO 将源文件D:/source_project/git_esb/dubbo/com.sinatay.dubbo.frame.identity/WebContent/WEB-INF/lib/jjwt-0.9.0.jar提取到：D:/release/identity/identity_release_file/20180319161052/WEB-INF/lib/jjwt-0.9.0.jar
2018-03-19 16:12:09,374 Git_Identity.py[line:100] INFO ####################开始########################20180319161209
2018-03-19 16:12:09,375 Git_Identity.py[line:103] INFO 始版本号：0e9940b86a4538b0612e24a2808e76d059cd808a
2018-03-19 16:12:09,375 Git_Identity.py[line:104] INFO 终止版本号：697eb282a92d6899b3b3592d8f90772c14829873
2018-03-19 16:12:09,561 Git_Identity.py[line:27] INFO 文件dubbo/com.sinatay.dubbo.frame.identity/.classpath下载到工程
2018-03-19 16:12:09,634 Git_Identity.py[line:27] INFO 文件dubbo/com.sinatay.dubbo.frame.identity/.project下载到工程
2018-03-19 16:12:09,702 Git_Identity.py[line:27] INFO 文件dubbo/com.sinatay.dubbo.frame.identity/.settings/org.eclipse.jdt.core.prefs下载到工程
2018-03-19 16:12:09,775 Git_Identity.py[line:27] INFO 文件dubbo/com.sinatay.dubbo.frame.identity/.tomcatplugin下载到工程
2018-03-19 16:12:09,846 Git_Identity.py[line:27] INFO 文件dubbo/com.sinatay.dubbo.frame.identity/JavaSource/java/com/sinatay/core/system/security/BlockCipher.java下载到工程
2018-03-19 16:12:09,997 Git_Identity.py[line:27] INFO 文件dubbo/com.sinatay.dubbo.frame.identity/JavaSource/java/com/sinatay/core/system/security/CryptoError.java下载到工程
2018-03-19 16:12:10,069 Git_Identity.py[line:27] INFO 文件dubbo/com.sinatay.dubbo.frame.identity/JavaSource/java/com/sinatay/core/system/security/IDEA.java下载到工程
2018-03-19 16:12:10,140 Git_Identity.py[line:27] INFO 文件dubbo/com.sinatay.dubbo.frame.identity/JavaSource/java/com/sinatay/core/system/security/LisIDEA.java下载到工程
2018-03-19 16:12:10,208 Git_Identity.py[line:27] INFO 文件dubbo/com.sinatay.dubbo.frame.identity/JavaSource/java/com/sinatay/core/system/service/EbizService.java下载到工程
2018-03-19 16:12:10,288 Git_Identity.py[line:27] INFO 文件dubbo/com.sinatay.dubbo.frame.identity/JavaSource/java/com/sinatay/core/system/service/IPlanService.java下载到工程
2018-03-19 16:12:10,359 Git_Identity.py[line:27] INFO 文件dubbo/com.sinatay.dubbo.frame.identity/JavaSource/java/com/sinatay/core/system/service/UMUserService.java下载到工程
2018-03-19 16:12:10,432 Git_Identity.py[line:27] INFO 文件dubbo/com.sinatay.dubbo.frame.identity/JavaSource/java/com/sinatay/core/system/service/impl/UMUserServiceImpl.java下载到工程
2018-03-19 16:12:10,516 Git_Identity.py[line:27] INFO 文件dubbo/com.sinatay.dubbo.frame.identity/JavaSource/java/com/sinatay/core/system/utils/ConfigUtil.java下载到工程
2018-03-19 16:12:10,586 Git_Identity.py[line:27] INFO 文件dubbo/com.sinatay.dubbo.frame.identity/JavaSource/java/com/sinatay/core/system/web/servlet/SSOConstants.java下载到工程
2018-03-19 16:12:10,657 Git_Identity.py[line:27] INFO 文件dubbo/com.sinatay.dubbo.frame.identity/JavaSource/java/com/sinatay/identity/service/UserService.java下载到工程
2018-03-19 16:12:10,731 Git_Identity.py[line:27] INFO 文件dubbo/com.sinatay.dubbo.frame.identity/JavaSource/java/com/sinatay/identity/service/impl/IdentityServiceImpl.java下载到工程
2018-03-19 16:12:10,805 Git_Identity.py[line:27] INFO 文件dubbo/com.sinatay.dubbo.frame.identity/JavaSource/java/com/sinatay/identity/service/impl/LdapUserServiceImpl.java下载到工程
2018-03-19 16:12:10,881 Git_Identity.py[line:27] INFO 文件dubbo/com.sinatay.dubbo.frame.identity/JavaSource/java/com/sinatay/tools/jwt/CheckResult.java下载到工程
2018-03-19 16:12:10,957 Git_Identity.py[line:27] INFO 文件dubbo/com.sinatay.dubbo.frame.identity/JavaSource/java/com/sinatay/tools/jwt/TokenMgr.java下载到工程
2018-03-19 16:12:11,039 Git_Identity.py[line:27] INFO 文件dubbo/com.sinatay.dubbo.frame.identity/JavaSource/resources/application.properties下载到工程
2018-03-19 16:12:11,112 Git_Identity.py[line:27] INFO 文件dubbo/com.sinatay.dubbo.frame.identity/JavaSource/test/com/sinatay/core/system/security/LisIDEATest.java下载到工程
2018-03-19 16:12:11,186 Git_Identity.py[line:27] INFO 文件dubbo/com.sinatay.dubbo.frame.identity/JavaSource/test/com/sinatay/core/system/service/EbizServiceTest.java下载到工程
2018-03-19 16:12:11,279 Git_Identity.py[line:27] INFO 文件dubbo/com.sinatay.dubbo.frame.identity/JavaSource/test/com/sinatay/core/system/service/UMUserServiceTest.java下载到工程
2018-03-19 16:12:11,351 Git_Identity.py[line:27] INFO 文件dubbo/com.sinatay.dubbo.frame.identity/JavaSource/test/com/sinatay/tools/jwt/TokenMgrTest.java下载到工程
2018-03-19 16:12:11,429 Git_Identity.py[line:27] INFO 文件dubbo/com.sinatay.dubbo.frame.identity/WebContent/WEB-INF/lib/jackson-annotations-2.8.0.jar下载到工程
2018-03-19 16:12:11,520 Git_Identity.py[line:27] INFO 文件dubbo/com.sinatay.dubbo.frame.identity/WebContent/WEB-INF/lib/jackson-core-2.8.9.jar下载到工程
2018-03-19 16:12:11,610 Git_Identity.py[line:27] INFO 文件dubbo/com.sinatay.dubbo.frame.identity/WebContent/WEB-INF/lib/jackson-databind-2.8.9.jar下载到工程
2018-03-19 16:12:11,714 Git_Identity.py[line:27] INFO 文件dubbo/com.sinatay.dubbo.frame.identity/WebContent/WEB-INF/lib/jjwt-0.9.0.jar下载到工程
2018-03-19 16:12:11,805 Git_Identity.py[line:27] INFO 文件dubbo/com.sinatay.dubbo.frame.identity/build.xml下载到工程
2018-03-19 16:12:11,895 Git_Identity.py[line:107] INFO 编译工程
2018-03-19 16:12:11,899 Git_Identity.py[line:53] INFO 将源文件D:/source_project/git_esb/dubbo/com.sinatay.dubbo.frame.identity/build/WebRoot/WEB-INF/classes/com/sinatay/core/system/security/BlockCipher.class提取到：D:/release/identity/identity_release_file/20180319161209/WEB-INF/classes/com/sinatay/core/system/security/BlockCipher.class
2018-03-19 16:12:11,902 Git_Identity.py[line:53] INFO 将源文件D:/source_project/git_esb/dubbo/com.sinatay.dubbo.frame.identity/build/WebRoot/WEB-INF/classes/com/sinatay/core/system/security/CryptoError.class提取到：D:/release/identity/identity_release_file/20180319161209/WEB-INF/classes/com/sinatay/core/system/security/CryptoError.class
2018-03-19 16:12:11,905 Git_Identity.py[line:53] INFO 将源文件D:/source_project/git_esb/dubbo/com.sinatay.dubbo.frame.identity/build/WebRoot/WEB-INF/classes/com/sinatay/core/system/security/IDEA.class提取到：D:/release/identity/identity_release_file/20180319161209/WEB-INF/classes/com/sinatay/core/system/security/IDEA.class
2018-03-19 16:12:11,908 Git_Identity.py[line:53] INFO 将源文件D:/source_project/git_esb/dubbo/com.sinatay.dubbo.frame.identity/build/WebRoot/WEB-INF/classes/com/sinatay/core/system/security/LisIDEA.class提取到：D:/release/identity/identity_release_file/20180319161209/WEB-INF/classes/com/sinatay/core/system/security/LisIDEA.class
2018-03-19 16:12:11,911 Git_Identity.py[line:53] INFO 将源文件D:/source_project/git_esb/dubbo/com.sinatay.dubbo.frame.identity/build/WebRoot/WEB-INF/classes/com/sinatay/core/system/service/EbizService.class提取到：D:/release/identity/identity_release_file/20180319161209/WEB-INF/classes/com/sinatay/core/system/service/EbizService.class
2018-03-19 16:12:11,913 Git_Identity.py[line:53] INFO 将源文件D:/source_project/git_esb/dubbo/com.sinatay.dubbo.frame.identity/build/WebRoot/WEB-INF/classes/com/sinatay/core/system/service/IPlanService.class提取到：D:/release/identity/identity_release_file/20180319161209/WEB-INF/classes/com/sinatay/core/system/service/IPlanService.class
2018-03-19 16:12:11,917 Git_Identity.py[line:53] INFO 将源文件D:/source_project/git_esb/dubbo/com.sinatay.dubbo.frame.identity/build/WebRoot/WEB-INF/classes/com/sinatay/core/system/service/UMUserService.class提取到：D:/release/identity/identity_release_file/20180319161209/WEB-INF/classes/com/sinatay/core/system/service/UMUserService.class
2018-03-19 16:12:11,920 Git_Identity.py[line:53] INFO 将源文件D:/source_project/git_esb/dubbo/com.sinatay.dubbo.frame.identity/build/WebRoot/WEB-INF/classes/com/sinatay/core/system/service/impl/UMUserServiceImpl.class提取到：D:/release/identity/identity_release_file/20180319161209/WEB-INF/classes/com/sinatay/core/system/service/impl/UMUserServiceImpl.class
2018-03-19 16:12:11,927 Git_Identity.py[line:53] INFO 将源文件D:/source_project/git_esb/dubbo/com.sinatay.dubbo.frame.identity/build/WebRoot/WEB-INF/classes/com/sinatay/core/system/utils/ConfigUtil.class提取到：D:/release/identity/identity_release_file/20180319161209/WEB-INF/classes/com/sinatay/core/system/utils/ConfigUtil.class
2018-03-19 16:12:11,932 Git_Identity.py[line:53] INFO 将源文件D:/source_project/git_esb/dubbo/com.sinatay.dubbo.frame.identity/build/WebRoot/WEB-INF/classes/com/sinatay/core/system/web/servlet/SSOConstants.class提取到：D:/release/identity/identity_release_file/20180319161209/WEB-INF/classes/com/sinatay/core/system/web/servlet/SSOConstants.class
2018-03-19 16:12:11,937 Git_Identity.py[line:53] INFO 将源文件D:/source_project/git_esb/dubbo/com.sinatay.dubbo.frame.identity/build/WebRoot/WEB-INF/classes/com/sinatay/identity/service/UserService.class提取到：D:/release/identity/identity_release_file/20180319161209/WEB-INF/classes/com/sinatay/identity/service/UserService.class
2018-03-19 16:12:11,940 Git_Identity.py[line:53] INFO 将源文件D:/source_project/git_esb/dubbo/com.sinatay.dubbo.frame.identity/build/WebRoot/WEB-INF/classes/com/sinatay/identity/service/impl/IdentityServiceImpl.class提取到：D:/release/identity/identity_release_file/20180319161209/WEB-INF/classes/com/sinatay/identity/service/impl/IdentityServiceImpl.class
2018-03-19 16:12:11,943 Git_Identity.py[line:53] INFO 将源文件D:/source_project/git_esb/dubbo/com.sinatay.dubbo.frame.identity/build/WebRoot/WEB-INF/classes/com/sinatay/identity/service/impl/LdapUserServiceImpl.class提取到：D:/release/identity/identity_release_file/20180319161209/WEB-INF/classes/com/sinatay/identity/service/impl/LdapUserServiceImpl.class
2018-03-19 16:12:11,947 Git_Identity.py[line:53] INFO 将源文件D:/source_project/git_esb/dubbo/com.sinatay.dubbo.frame.identity/build/WebRoot/WEB-INF/classes/com/sinatay/tools/jwt/CheckResult.class提取到：D:/release/identity/identity_release_file/20180319161209/WEB-INF/classes/com/sinatay/tools/jwt/CheckResult.class
2018-03-19 16:12:11,950 Git_Identity.py[line:53] INFO 将源文件D:/source_project/git_esb/dubbo/com.sinatay.dubbo.frame.identity/build/WebRoot/WEB-INF/classes/com/sinatay/tools/jwt/TokenMgr.class提取到：D:/release/identity/identity_release_file/20180319161209/WEB-INF/classes/com/sinatay/tools/jwt/TokenMgr.class
2018-03-19 16:12:11,952 Git_Identity.py[line:66] INFO 将源文件D:/source_project/git_esb/dubbo/com.sinatay.dubbo.frame.identity/build/WebRoot/WEB-INF/classes/application.properties提取到：D:/release/identity/identity_release_file/20180319161209/WEB-INF/classes/application.properties
2018-03-19 16:12:11,957 Git_Identity.py[line:78] INFO 将源文件D:/source_project/git_esb/dubbo/com.sinatay.dubbo.frame.identity/WebContent/WEB-INF/lib/jackson-annotations-2.8.0.jar提取到：D:/release/identity/identity_release_file/20180319161209/WEB-INF/lib/jackson-annotations-2.8.0.jar
2018-03-19 16:12:11,970 Git_Identity.py[line:78] INFO 将源文件D:/source_project/git_esb/dubbo/com.sinatay.dubbo.frame.identity/WebContent/WEB-INF/lib/jackson-core-2.8.9.jar提取到：D:/release/identity/identity_release_file/20180319161209/WEB-INF/lib/jackson-core-2.8.9.jar
2018-03-19 16:12:11,991 Git_Identity.py[line:78] INFO 将源文件D:/source_project/git_esb/dubbo/com.sinatay.dubbo.frame.identity/WebContent/WEB-INF/lib/jackson-databind-2.8.9.jar提取到：D:/release/identity/identity_release_file/20180319161209/WEB-INF/lib/jackson-databind-2.8.9.jar
2018-03-19 16:12:12,008 Git_Identity.py[line:78] INFO 将源文件D:/source_project/git_esb/dubbo/com.sinatay.dubbo.frame.identity/WebContent/WEB-INF/lib/jjwt-0.9.0.jar提取到：D:/release/identity/identity_release_file/20180319161209/WEB-INF/lib/jjwt-0.9.0.jar
2018-03-19 16:21:51,087 Git_Identity.py[line:100] INFO ####################开始########################20180319162151
2018-03-19 16:21:51,087 Git_Identity.py[line:103] INFO 始版本号：0e9940b86a4538b0612e24a2808e76d059cd808a
2018-03-19 16:21:51,087 Git_Identity.py[line:104] INFO 终止版本号：697eb282a92d6899b3b3592d8f90772c14829873
2018-03-19 16:21:51,300 Git_Identity.py[line:27] INFO 文件dubbo/com.sinatay.dubbo.frame.identity/.classpath下载到工程
2018-03-19 16:21:51,374 Git_Identity.py[line:27] INFO 文件dubbo/com.sinatay.dubbo.frame.identity/.project下载到工程
2018-03-19 16:21:51,443 Git_Identity.py[line:27] INFO 文件dubbo/com.sinatay.dubbo.frame.identity/.settings/org.eclipse.jdt.core.prefs下载到工程
2018-03-19 16:21:51,516 Git_Identity.py[line:27] INFO 文件dubbo/com.sinatay.dubbo.frame.identity/.tomcatplugin下载到工程
2018-03-19 16:21:51,586 Git_Identity.py[line:27] INFO 文件dubbo/com.sinatay.dubbo.frame.identity/JavaSource/java/com/sinatay/core/system/security/BlockCipher.java下载到工程
2018-03-19 16:21:51,738 Git_Identity.py[line:27] INFO 文件dubbo/com.sinatay.dubbo.frame.identity/JavaSource/java/com/sinatay/core/system/security/CryptoError.java下载到工程
2018-03-19 16:21:51,808 Git_Identity.py[line:27] INFO 文件dubbo/com.sinatay.dubbo.frame.identity/JavaSource/java/com/sinatay/core/system/security/IDEA.java下载到工程
2018-03-19 16:21:51,880 Git_Identity.py[line:27] INFO 文件dubbo/com.sinatay.dubbo.frame.identity/JavaSource/java/com/sinatay/core/system/security/LisIDEA.java下载到工程
2018-03-19 16:21:51,959 Git_Identity.py[line:27] INFO 文件dubbo/com.sinatay.dubbo.frame.identity/JavaSource/java/com/sinatay/core/system/service/EbizService.java下载到工程
2018-03-19 16:21:52,035 Git_Identity.py[line:27] INFO 文件dubbo/com.sinatay.dubbo.frame.identity/JavaSource/java/com/sinatay/core/system/service/IPlanService.java下载到工程
2018-03-19 16:21:52,103 Git_Identity.py[line:27] INFO 文件dubbo/com.sinatay.dubbo.frame.identity/JavaSource/java/com/sinatay/core/system/service/UMUserService.java下载到工程
2018-03-19 16:21:52,179 Git_Identity.py[line:27] INFO 文件dubbo/com.sinatay.dubbo.frame.identity/JavaSource/java/com/sinatay/core/system/service/impl/UMUserServiceImpl.java下载到工程
2018-03-19 16:21:52,250 Git_Identity.py[line:27] INFO 文件dubbo/com.sinatay.dubbo.frame.identity/JavaSource/java/com/sinatay/core/system/utils/ConfigUtil.java下载到工程
2018-03-19 16:21:52,321 Git_Identity.py[line:27] INFO 文件dubbo/com.sinatay.dubbo.frame.identity/JavaSource/java/com/sinatay/core/system/web/servlet/SSOConstants.java下载到工程
2018-03-19 16:21:52,392 Git_Identity.py[line:27] INFO 文件dubbo/com.sinatay.dubbo.frame.identity/JavaSource/java/com/sinatay/identity/service/UserService.java下载到工程
2018-03-19 16:21:52,475 Git_Identity.py[line:27] INFO 文件dubbo/com.sinatay.dubbo.frame.identity/JavaSource/java/com/sinatay/identity/service/impl/IdentityServiceImpl.java下载到工程
2018-03-19 16:21:52,551 Git_Identity.py[line:27] INFO 文件dubbo/com.sinatay.dubbo.frame.identity/JavaSource/java/com/sinatay/identity/service/impl/LdapUserServiceImpl.java下载到工程
2018-03-19 16:21:52,628 Git_Identity.py[line:27] INFO 文件dubbo/com.sinatay.dubbo.frame.identity/JavaSource/java/com/sinatay/tools/jwt/CheckResult.java下载到工程
2018-03-19 16:21:52,699 Git_Identity.py[line:27] INFO 文件dubbo/com.sinatay.dubbo.frame.identity/JavaSource/java/com/sinatay/tools/jwt/TokenMgr.java下载到工程
2018-03-19 16:21:52,774 Git_Identity.py[line:27] INFO 文件dubbo/com.sinatay.dubbo.frame.identity/JavaSource/resources/application.properties下载到工程
2018-03-19 16:21:52,847 Git_Identity.py[line:27] INFO 文件dubbo/com.sinatay.dubbo.frame.identity/JavaSource/test/com/sinatay/core/system/security/LisIDEATest.java下载到工程
2018-03-19 16:21:52,923 Git_Identity.py[line:27] INFO 文件dubbo/com.sinatay.dubbo.frame.identity/JavaSource/test/com/sinatay/core/system/service/EbizServiceTest.java下载到工程
2018-03-19 16:21:52,999 Git_Identity.py[line:27] INFO 文件dubbo/com.sinatay.dubbo.frame.identity/JavaSource/test/com/sinatay/core/system/service/UMUserServiceTest.java下载到工程
2018-03-19 16:21:53,079 Git_Identity.py[line:27] INFO 文件dubbo/com.sinatay.dubbo.frame.identity/JavaSource/test/com/sinatay/tools/jwt/TokenMgrTest.java下载到工程
2018-03-19 16:21:53,148 Git_Identity.py[line:27] INFO 文件dubbo/com.sinatay.dubbo.frame.identity/WebContent/WEB-INF/lib/jackson-annotations-2.8.0.jar下载到工程
2018-03-19 16:21:53,247 Git_Identity.py[line:27] INFO 文件dubbo/com.sinatay.dubbo.frame.identity/WebContent/WEB-INF/lib/jackson-core-2.8.9.jar下载到工程
2018-03-19 16:21:53,352 Git_Identity.py[line:27] INFO 文件dubbo/com.sinatay.dubbo.frame.identity/WebContent/WEB-INF/lib/jackson-databind-2.8.9.jar下载到工程
2018-03-19 16:21:53,453 Git_Identity.py[line:27] INFO 文件dubbo/com.sinatay.dubbo.frame.identity/WebContent/WEB-INF/lib/jjwt-0.9.0.jar下载到工程
2018-03-19 16:21:53,541 Git_Identity.py[line:27] INFO 文件dubbo/com.sinatay.dubbo.frame.identity/build.xml下载到工程
2018-03-19 16:21:53,629 Git_Identity.py[line:107] INFO 编译工程
2018-03-19 16:22:00,248 Git_Identity.py[line:53] INFO 将源文件D:/source_project/git_esb/dubbo/com.sinatay.dubbo.frame.identity/build/WebRoot/WEB-INF/classes/com/sinatay/core/system/security/BlockCipher.class提取到：D:/release/identity/identity_release_file/20180319162151/WEB-INF/classes/com/sinatay/core/system/security/BlockCipher.class
2018-03-19 16:22:00,251 Git_Identity.py[line:53] INFO 将源文件D:/source_project/git_esb/dubbo/com.sinatay.dubbo.frame.identity/build/WebRoot/WEB-INF/classes/com/sinatay/core/system/security/CryptoError.class提取到：D:/release/identity/identity_release_file/20180319162151/WEB-INF/classes/com/sinatay/core/system/security/CryptoError.class
2018-03-19 16:22:00,254 Git_Identity.py[line:53] INFO 将源文件D:/source_project/git_esb/dubbo/com.sinatay.dubbo.frame.identity/build/WebRoot/WEB-INF/classes/com/sinatay/core/system/security/IDEA.class提取到：D:/release/identity/identity_release_file/20180319162151/WEB-INF/classes/com/sinatay/core/system/security/IDEA.class
2018-03-19 16:22:00,290 Git_Identity.py[line:53] INFO 将源文件D:/source_project/git_esb/dubbo/com.sinatay.dubbo.frame.identity/build/WebRoot/WEB-INF/classes/com/sinatay/core/system/security/LisIDEA.class提取到：D:/release/identity/identity_release_file/20180319162151/WEB-INF/classes/com/sinatay/core/system/security/LisIDEA.class
2018-03-19 16:22:00,296 Git_Identity.py[line:53] INFO 将源文件D:/source_project/git_esb/dubbo/com.sinatay.dubbo.frame.identity/build/WebRoot/WEB-INF/classes/com/sinatay/core/system/service/EbizService.class提取到：D:/release/identity/identity_release_file/20180319162151/WEB-INF/classes/com/sinatay/core/system/service/EbizService.class
2018-03-19 16:22:00,306 Git_Identity.py[line:53] INFO 将源文件D:/source_project/git_esb/dubbo/com.sinatay.dubbo.frame.identity/build/WebRoot/WEB-INF/classes/com/sinatay/core/system/service/IPlanService.class提取到：D:/release/identity/identity_release_file/20180319162151/WEB-INF/classes/com/sinatay/core/system/service/IPlanService.class
2018-03-19 16:22:00,332 Git_Identity.py[line:53] INFO 将源文件D:/source_project/git_esb/dubbo/com.sinatay.dubbo.frame.identity/build/WebRoot/WEB-INF/classes/com/sinatay/core/system/service/UMUserService.class提取到：D:/release/identity/identity_release_file/20180319162151/WEB-INF/classes/com/sinatay/core/system/service/UMUserService.class
2018-03-19 16:22:00,338 Git_Identity.py[line:53] INFO 将源文件D:/source_project/git_esb/dubbo/com.sinatay.dubbo.frame.identity/build/WebRoot/WEB-INF/classes/com/sinatay/core/system/service/impl/UMUserServiceImpl.class提取到：D:/release/identity/identity_release_file/20180319162151/WEB-INF/classes/com/sinatay/core/system/service/impl/UMUserServiceImpl.class
2018-03-19 16:22:00,342 Git_Identity.py[line:53] INFO 将源文件D:/source_project/git_esb/dubbo/com.sinatay.dubbo.frame.identity/build/WebRoot/WEB-INF/classes/com/sinatay/core/system/utils/ConfigUtil.class提取到：D:/release/identity/identity_release_file/20180319162151/WEB-INF/classes/com/sinatay/core/system/utils/ConfigUtil.class
2018-03-19 16:22:00,347 Git_Identity.py[line:53] INFO 将源文件D:/source_project/git_esb/dubbo/com.sinatay.dubbo.frame.identity/build/WebRoot/WEB-INF/classes/com/sinatay/core/system/web/servlet/SSOConstants.class提取到：D:/release/identity/identity_release_file/20180319162151/WEB-INF/classes/com/sinatay/core/system/web/servlet/SSOConstants.class
2018-03-19 16:22:00,351 Git_Identity.py[line:53] INFO 将源文件D:/source_project/git_esb/dubbo/com.sinatay.dubbo.frame.identity/build/WebRoot/WEB-INF/classes/com/sinatay/identity/service/UserService.class提取到：D:/release/identity/identity_release_file/20180319162151/WEB-INF/classes/com/sinatay/identity/service/UserService.class
2018-03-19 16:22:00,355 Git_Identity.py[line:53] INFO 将源文件D:/source_project/git_esb/dubbo/com.sinatay.dubbo.frame.identity/build/WebRoot/WEB-INF/classes/com/sinatay/identity/service/impl/IdentityServiceImpl.class提取到：D:/release/identity/identity_release_file/20180319162151/WEB-INF/classes/com/sinatay/identity/service/impl/IdentityServiceImpl.class
2018-03-19 16:22:00,359 Git_Identity.py[line:53] INFO 将源文件D:/source_project/git_esb/dubbo/com.sinatay.dubbo.frame.identity/build/WebRoot/WEB-INF/classes/com/sinatay/identity/service/impl/LdapUserServiceImpl.class提取到：D:/release/identity/identity_release_file/20180319162151/WEB-INF/classes/com/sinatay/identity/service/impl/LdapUserServiceImpl.class
2018-03-19 16:22:00,363 Git_Identity.py[line:53] INFO 将源文件D:/source_project/git_esb/dubbo/com.sinatay.dubbo.frame.identity/build/WebRoot/WEB-INF/classes/com/sinatay/tools/jwt/CheckResult.class提取到：D:/release/identity/identity_release_file/20180319162151/WEB-INF/classes/com/sinatay/tools/jwt/CheckResult.class
2018-03-19 16:22:00,368 Git_Identity.py[line:53] INFO 将源文件D:/source_project/git_esb/dubbo/com.sinatay.dubbo.frame.identity/build/WebRoot/WEB-INF/classes/com/sinatay/tools/jwt/TokenMgr.class提取到：D:/release/identity/identity_release_file/20180319162151/WEB-INF/classes/com/sinatay/tools/jwt/TokenMgr.class
2018-03-19 16:22:00,372 Git_Identity.py[line:66] INFO 将源文件D:/source_project/git_esb/dubbo/com.sinatay.dubbo.frame.identity/build/WebRoot/WEB-INF/classes/application.properties提取到：D:/release/identity/identity_release_file/20180319162151/WEB-INF/classes/application.properties
2018-03-19 16:22:00,378 Git_Identity.py[line:78] INFO 将源文件D:/source_project/git_esb/dubbo/com.sinatay.dubbo.frame.identity/WebContent/WEB-INF/lib/jackson-annotations-2.8.0.jar提取到：D:/release/identity/identity_release_file/20180319162151/WEB-INF/lib/jackson-annotations-2.8.0.jar
2018-03-19 16:22:00,392 Git_Identity.py[line:78] INFO 将源文件D:/source_project/git_esb/dubbo/com.sinatay.dubbo.frame.identity/WebContent/WEB-INF/lib/jackson-core-2.8.9.jar提取到：D:/release/identity/identity_release_file/20180319162151/WEB-INF/lib/jackson-core-2.8.9.jar
2018-03-19 16:22:00,407 Git_Identity.py[line:78] INFO 将源文件D:/source_project/git_esb/dubbo/com.sinatay.dubbo.frame.identity/WebContent/WEB-INF/lib/jackson-databind-2.8.9.jar提取到：D:/release/identity/identity_release_file/20180319162151/WEB-INF/lib/jackson-databind-2.8.9.jar
2018-03-19 16:22:00,425 Git_Identity.py[line:78] INFO 将源文件D:/source_project/git_esb/dubbo/com.sinatay.dubbo.frame.identity/WebContent/WEB-INF/lib/jjwt-0.9.0.jar提取到：D:/release/identity/identity_release_file/20180319162151/WEB-INF/lib/jjwt-0.9.0.jar
2018-03-19 16:22:00,439 Git_Identity.py[line:118] INFO 开始上传发布包到服务器：10.28.31.31
2018-03-19 16:22:07,875 Git_Identity.py[line:121] INFO 将服务器上的发布包发布到项目，并备份
2018-03-19 16:22:07,875 Git_Identity.py[line:118] INFO 开始上传发布包到服务器：10.28.31.35
2018-03-19 16:22:15,478 Git_Identity.py[line:121] INFO 将服务器上的发布包发布到项目，并备份
2018-03-19 16:22:15,478 Git_Identity.py[line:126] INFO ####################结束########################20180319162151
2018-03-20 09:48:30,470 Git_Identity.py[line:100] INFO ####################开始########################20180320094830
2018-03-20 09:48:30,500 Git_Identity.py[line:103] INFO 始版本号：xxxxx
2018-03-20 09:48:30,500 Git_Identity.py[line:104] INFO 终止版本号：xxxxx
2018-03-20 09:48:31,862 Git_Identity.py[line:107] INFO 编译工程
2018-03-20 09:48:38,635 Git_Identity.py[line:118] INFO 开始上传发布包到服务器：10.28.31.31
2018-03-20 09:48:39,110 Git_Identity.py[line:121] INFO 将服务器上的发布包发布到项目，并备份
2018-03-20 09:48:39,315 Git_Identity.py[line:124] INFO 上传服务器：10.28.31.31结束
2018-03-20 09:48:39,315 Git_Identity.py[line:118] INFO 开始上传发布包到服务器：10.28.31.35
2018-03-20 09:48:39,630 Git_Identity.py[line:121] INFO 将服务器上的发布包发布到项目，并备份
2018-03-20 09:48:39,836 Git_Identity.py[line:124] INFO 上传服务器：10.28.31.35结束
2018-03-20 09:48:39,837 Git_Identity.py[line:126] INFO ####################结束########################20180320094830
2018-03-20 09:49:26,441 Git_Identity.py[line:100] INFO ####################开始########################20180320094926
2018-03-20 09:49:26,441 Git_Identity.py[line:103] INFO 始版本号：xxxxx
2018-03-20 09:49:26,441 Git_Identity.py[line:104] INFO 终止版本号：xxxxx
2018-03-20 09:49:26,583 Git_Identity.py[line:107] INFO 编译工程
2018-03-20 09:49:30,643 Git_Identity.py[line:118] INFO 开始上传发布包到服务器：10.28.31.31
2018-03-20 09:49:31,033 Git_Identity.py[line:121] INFO 将服务器上的发布包发布到项目，并备份
2018-03-20 09:49:31,235 Git_Identity.py[line:124] INFO 上传服务器：10.28.31.31结束
2018-03-20 09:49:31,236 Git_Identity.py[line:118] INFO 开始上传发布包到服务器：10.28.31.35
2018-03-20 09:49:31,559 Git_Identity.py[line:121] INFO 将服务器上的发布包发布到项目，并备份
2018-03-20 09:49:31,767 Git_Identity.py[line:124] INFO 上传服务器：10.28.31.35结束
2018-03-20 09:49:31,767 Git_Identity.py[line:126] INFO ####################结束########################20180320094926
2018-03-23 16:47:08,345 Git_Identity.py[line:131] INFO ####################开始########################20180323164708
2018-03-23 16:47:08,376 Git_Identity.py[line:134] INFO 始版本号：xxxxcc22222222rrcx
2018-03-23 16:47:08,376 Git_Identity.py[line:135] INFO 终止版本号：xxxxcccx
2018-03-23 16:56:57,521 Git_Identity.py[line:131] INFO ####################开始########################20180323165657
2018-03-23 16:56:57,521 Git_Identity.py[line:134] INFO 始版本号：xxxxcc22222222rrcx
2018-03-23 16:56:57,521 Git_Identity.py[line:135] INFO 终止版本号：xxxxcccx
2018-03-26 09:15:17,874 Git_Identity.py[line:131] INFO ####################开始########################20180326091517
2018-03-26 09:15:17,888 Git_Identity.py[line:134] INFO 始版本号：xxxxcc22222222rrcx
2018-03-26 09:15:17,888 Git_Identity.py[line:135] INFO 终止版本号：xxxxcccx
2018-03-26 16:02:12,496 Git_Identity.py[line:102] INFO ####################开始########################20180326160212
2018-03-26 16:02:12,506 Git_Identity.py[line:105] INFO 始版本号：xxxxcc22222222rrcx
2018-03-26 16:02:12,506 Git_Identity.py[line:106] INFO 终止版本号：xxxxcccx
2018-03-26 16:02:13,531 Git_Identity.py[line:109] INFO 编译工程
2018-03-26 17:46:09,333 Git_Identity.py[line:101] INFO ####################开始########################20180326174609
2018-03-26 17:46:09,352 Git_Identity.py[line:104] INFO 始版本号：697eb282a92d6899b3b3592d8f90772c14829873
2018-03-26 17:46:09,352 Git_Identity.py[line:105] INFO 终止版本号：4aa8dad46bf0bbc4c0c77a6ab3677885a8e51a31
2018-03-26 17:46:09,602 Git_Identity.py[line:28] INFO 文件dubbo/com.sinatay.dubbo.frame.identity/JavaSource/java/com/sinatay/identity/domain/UDept.java下载到工程
2018-03-26 17:46:09,680 Git_Identity.py[line:28] INFO 文件dubbo/com.sinatay.dubbo.frame.identity/JavaSource/java/com/sinatay/identity/service/IdentityService.java下载到工程
2018-03-26 17:46:09,763 Git_Identity.py[line:28] INFO 文件dubbo/com.sinatay.dubbo.frame.identity/JavaSource/java/com/sinatay/identity/service/impl/IdentityServiceImpl.java下载到工程
2018-03-26 17:46:09,847 Git_Identity.py[line:108] INFO 编译工程
2018-03-26 17:46:14,323 Git_Identity.py[line:54] INFO 将源文件D:/source_project/git_esb/dubbo/com.sinatay.dubbo.frame.identity/build/WebRoot/WEB-INF/classes/com/sinatay/identity/domain/UDept.class提取到：D:/release/identity/identity_release_file/20180326174609/WEB-INF/classes/com/sinatay/identity/domain/UDept.class
2018-03-26 17:46:14,327 Git_Identity.py[line:54] INFO 将源文件D:/source_project/git_esb/dubbo/com.sinatay.dubbo.frame.identity/build/WebRoot/WEB-INF/classes/com/sinatay/identity/service/IdentityService.class提取到：D:/release/identity/identity_release_file/20180326174609/WEB-INF/classes/com/sinatay/identity/service/IdentityService.class
2018-03-26 17:46:14,330 Git_Identity.py[line:54] INFO 将源文件D:/source_project/git_esb/dubbo/com.sinatay.dubbo.frame.identity/build/WebRoot/WEB-INF/classes/com/sinatay/identity/service/impl/IdentityServiceImpl.class提取到：D:/release/identity/identity_release_file/20180326174609/WEB-INF/classes/com/sinatay/identity/service/impl/IdentityServiceImpl.class
2018-03-26 17:46:14,334 Git_Identity.py[line:119] INFO 开始上传发布包到服务器：10.28.31.31
2018-03-26 17:46:15,862 Git_Identity.py[line:122] INFO 将服务器上的发布包发布到项目，并备份
2018-03-26 17:46:16,094 Git_Identity.py[line:125] INFO 上传服务器：10.28.31.31结束
2018-03-26 17:46:16,094 Git_Identity.py[line:119] INFO 开始上传发布包到服务器：10.28.31.35
2018-03-26 17:46:17,297 Git_Identity.py[line:122] INFO 将服务器上的发布包发布到项目，并备份
2018-03-26 17:46:17,498 Git_Identity.py[line:125] INFO 上传服务器：10.28.31.35结束
2018-03-26 17:46:17,498 Git_Identity.py[line:127] INFO ####################结束########################20180326174609
